<?xml version="1.0" encoding="UTF-8"?>
<!-- Generated by org.testng.reporters.JUnitReportReporter -->
<testsuite hostname="Home" name="testgit.gitproject1" tests="1" failures="0" timestamp="3 Nov 2017 18:33:25 GMT" time="0.010" errors="0">
  <testcase name="prgm" time="0.010" classname="testgit.gitproject1"/>
</testsuite> <!-- testgit.gitproject1 -->
